<?xml version="1.0" encoding="UTF-8"?>
<!-- Generated by org.testng.reporters.JUnitReportReporter -->
<testsuite hostname="dbanashe-mac" failures="0" tests="1" name="script.DemoTest2" time="11.281" errors="0" timestamp="2024-03-27T11:56:49 IST" skipped="0">
  <testcase classname="script.DemoTest2" name="testInvalidLogin" time="11.281"/>
  <system-out>
    <![CDATA[Mkart | OSPOS | Login]]>
  </system-out>
</testsuite> <!-- script.DemoTest2 -->
