<?xml version="1.0" encoding="UTF-8"?>
<!-- Generated by org.testng.reporters.JUnitReportReporter -->
<testsuite hostname="dbanashe-mac" failures="0" tests="1" name="script.ValidLogin" time="13.830" errors="0" timestamp="2024-03-27T11:56:49 IST" skipped="0">
  <testcase classname="script.ValidLogin" name="testValidLogin" time="13.830"/>
  <system-out>
    <![CDATA[HomePage is Displayed]]>
  </system-out>
</testsuite> <!-- script.ValidLogin -->
