<?xml version="1.0" encoding="UTF-8"?>
<!-- Generated by org.testng.reporters.JUnitReportReporter -->
<testsuite hostname="dbanashe-mac" failures="0" tests="1" name="script.InvalidLogin" time="10.753" errors="0" timestamp="2024-03-27T11:56:49 IST" skipped="0">
  <testcase classname="script.InvalidLogin" name="testInvalidLogin" time="10.753"/>
  <system-out>
    <![CDATA[ErrMsg is Displayed:Invalid username and/or password.]]>
  </system-out>
</testsuite> <!-- script.InvalidLogin -->
